[8] Unknown: &quot;_useSsl&quot; is returned from __sleep multiple times (Unknown) [0]
Error Code: 04df47
Stack trace:
#1 {main}

#0 /home/parentalguidance/public_html/application/libraries/Zend/Log/Writer/Abstract.php(88): Zend_Log_Writer_Stream->_write(Array)
#1 /home/parentalguidance/public_html/application/libraries/Zend/Log.php(464): Zend_Log_Writer_Abstract->write(Array)
#2 /home/parentalguidance/public_html/application/libraries/Engine/Api.php(689): Zend_Log->log('[8] Unknown: &q...', 5)
#3 [internal function]: Engine_Api::handleError(8, 'Unknown: &quot;...', 'Unknown', 0, NULL)
#4 {main}

[8] Unknown: &quot;_useSsl&quot; is returned from __sleep multiple times (Unknown) [0]
Error Code: 56c5fc
Stack trace:
#1 {main}

#0 /home/parentalguidance/public_html/application/libraries/Zend/Log/Writer/Abstract.php(88): Zend_Log_Writer_Stream->_write(Array)
#1 /home/parentalguidance/public_html/application/libraries/Zend/Log.php(464): Zend_Log_Writer_Abstract->write(Array)
#2 /home/parentalguidance/public_html/application/libraries/Engine/Api.php(689): Zend_Log->log('[8] Unknown: &q...', 5)
#3 [internal function]: Engine_Api::handleError(8, 'Unknown: &quot;...', 'Unknown', 0, NULL)
#4 {main}

[8] Unknown: &quot;_useSsl&quot; is returned from __sleep multiple times (Unknown) [0]
Error Code: 8cbe96
Stack trace:
#1 {main}

#0 /home/parentalguidance/public_html/application/libraries/Zend/Log/Writer/Abstract.php(88): Zend_Log_Writer_Stream->_write(Array)
#1 /home/parentalguidance/public_html/application/libraries/Zend/Log.php(464): Zend_Log_Writer_Abstract->write(Array)
#2 /home/parentalguidance/public_html/application/libraries/Engine/Api.php(689): Zend_Log->log('[8] Unknown: &q...', 5)
#3 [internal function]: Engine_Api::handleError(8, 'Unknown: &quot;...', 'Unknown', 0, NULL)
#4 {main}

[8] Unknown: &quot;_useSsl&quot; is returned from __sleep multiple times (Unknown) [0]
Error Code: a88733
Stack trace:
#1 {main}

#0 /home/parentalguidance/public_html/application/libraries/Zend/Log/Writer/Abstract.php(88): Zend_Log_Writer_Stream->_write(Array)
#1 /home/parentalguidance/public_html/application/libraries/Zend/Log.php(464): Zend_Log_Writer_Abstract->write(Array)
#2 /home/parentalguidance/public_html/application/libraries/Engine/Api.php(689): Zend_Log->log('[8] Unknown: &q...', 5)
#3 [internal function]: Engine_Api::handleError(8, 'Unknown: &quot;...', 'Unknown', 0, NULL)
#4 {main}

[8] Unknown: &quot;_useSsl&quot; is returned from __sleep multiple times (Unknown) [0]
Error Code: ccc752
Stack trace:
#1 {main}

#0 /home/parentalguidance/public_html/application/libraries/Zend/Log/Writer/Abstract.php(88): Zend_Log_Writer_Stream->_write(Array)
#1 /home/parentalguidance/public_html/application/libraries/Zend/Log.php(464): Zend_Log_Writer_Abstract->write(Array)
#2 /home/parentalguidance/public_html/application/libraries/Engine/Api.php(689): Zend_Log->log('[8] Unknown: &q...', 5)
#3 [internal function]: Engine_Api::handleError(8, 'Unknown: &quot;...', 'Unknown', 0, NULL)
#4 {main}

[8] Unknown: &quot;_useSsl&quot; is returned from __sleep multiple times (Unknown) [0]
Error Code: bdce4e
Stack trace:
#1 {main}

#0 /home/parentalguidance/public_html/application/libraries/Zend/Log/Writer/Abstract.php(88): Zend_Log_Writer_Stream->_write(Array)
#1 /home/parentalguidance/public_html/application/libraries/Zend/Log.php(464): Zend_Log_Writer_Abstract->write(Array)
#2 /home/parentalguidance/public_html/application/libraries/Engine/Api.php(689): Zend_Log->log('[8] Unknown: &q...', 5)
#3 [internal function]: Engine_Api::handleError(8, 'Unknown: &quot;...', 'Unknown', 0, NULL)
#4 {main}

[8] Unknown: &quot;_useSsl&quot; is returned from __sleep multiple times (Unknown) [0]
Error Code: 789016
Stack trace:
#1 {main}

#0 /home/parentalguidance/public_html/application/libraries/Zend/Log/Writer/Abstract.php(88): Zend_Log_Writer_Stream->_write(Array)
#1 /home/parentalguidance/public_html/application/libraries/Zend/Log.php(464): Zend_Log_Writer_Abstract->write(Array)
#2 /home/parentalguidance/public_html/application/libraries/Engine/Api.php(689): Zend_Log->log('[8] Unknown: &q...', 5)
#3 [internal function]: Engine_Api::handleError(8, 'Unknown: &quot;...', 'Unknown', 0, NULL)
#4 {main}

[8] Unknown: &quot;_useSsl&quot; is returned from __sleep multiple times (Unknown) [0]
Error Code: 8ba373
Stack trace:
#1 {main}

#0 /home/parentalguidance/public_html/application/libraries/Zend/Log/Writer/Abstract.php(88): Zend_Log_Writer_Stream->_write(Array)
#1 /home/parentalguidance/public_html/application/libraries/Zend/Log.php(464): Zend_Log_Writer_Abstract->write(Array)
#2 /home/parentalguidance/public_html/application/libraries/Engine/Api.php(689): Zend_Log->log('[8] Unknown: &q...', 5)
#3 [internal function]: Engine_Api::handleError(8, 'Unknown: &quot;...', 'Unknown', 0, NULL)
#4 {main}

[8] Unknown: &quot;_useSsl&quot; is returned from __sleep multiple times (Unknown) [0]
Error Code: 81cf37
Stack trace:
#1 {main}

#0 /home/parentalguidance/public_html/application/libraries/Zend/Log/Writer/Abstract.php(88): Zend_Log_Writer_Stream->_write(Array)
#1 /home/parentalguidance/public_html/application/libraries/Zend/Log.php(464): Zend_Log_Writer_Abstract->write(Array)
#2 /home/parentalguidance/public_html/application/libraries/Engine/Api.php(689): Zend_Log->log('[8] Unknown: &q...', 5)
#3 [internal function]: Engine_Api::handleError(8, 'Unknown: &quot;...', 'Unknown', 0, NULL)
#4 {main}

[8] Unknown: &quot;_useSsl&quot; is returned from __sleep multiple times (Unknown) [0]
Error Code: 68522d
Stack trace:
#1 {main}

#0 /home/parentalguidance/public_html/application/libraries/Zend/Log/Writer/Abstract.php(88): Zend_Log_Writer_Stream->_write(Array)
#1 /home/parentalguidance/public_html/application/libraries/Zend/Log.php(464): Zend_Log_Writer_Abstract->write(Array)
#2 /home/parentalguidance/public_html/application/libraries/Engine/Api.php(689): Zend_Log->log('[8] Unknown: &q...', 5)
#3 [internal function]: Engine_Api::handleError(8, 'Unknown: &quot;...', 'Unknown', 0, NULL)
#4 {main}

[8] Unknown: &quot;_useSsl&quot; is returned from __sleep multiple times (Unknown) [0]
Error Code: 7f02d8
Stack trace:
#1 {main}

#0 /home/parentalguidance/public_html/application/libraries/Zend/Log/Writer/Abstract.php(88): Zend_Log_Writer_Stream->_write(Array)
#1 /home/parentalguidance/public_html/application/libraries/Zend/Log.php(464): Zend_Log_Writer_Abstract->write(Array)
#2 /home/parentalguidance/public_html/application/libraries/Engine/Api.php(689): Zend_Log->log('[8] Unknown: &q...', 5)
#3 [internal function]: Engine_Api::handleError(8, 'Unknown: &quot;...', 'Unknown', 0, NULL)
#4 {main}

[8] Unknown: &quot;_useSsl&quot; is returned from __sleep multiple times (Unknown) [0]
Error Code: ef4914
Stack trace:
#1 {main}

#0 /home/parentalguidance/public_html/application/libraries/Zend/Log/Writer/Abstract.php(88): Zend_Log_Writer_Stream->_write(Array)
#1 /home/parentalguidance/public_html/application/libraries/Zend/Log.php(464): Zend_Log_Writer_Abstract->write(Array)
#2 /home/parentalguidance/public_html/application/libraries/Engine/Api.php(689): Zend_Log->log('[8] Unknown: &q...', 5)
#3 [internal function]: Engine_Api::handleError(8, 'Unknown: &quot;...', 'Unknown', 0, NULL)
#4 {main}

[8] Unknown: &quot;_useSsl&quot; is returned from __sleep multiple times (Unknown) [0]
Error Code: 4b397c
Stack trace:
#1 {main}

#0 /home/parentalguidance/public_html/application/libraries/Zend/Log/Writer/Abstract.php(88): Zend_Log_Writer_Stream->_write(Array)
#1 /home/parentalguidance/public_html/application/libraries/Zend/Log.php(464): Zend_Log_Writer_Abstract->write(Array)
#2 /home/parentalguidance/public_html/application/libraries/Engine/Api.php(689): Zend_Log->log('[8] Unknown: &q...', 5)
#3 [internal function]: Engine_Api::handleError(8, 'Unknown: &quot;...', 'Unknown', 0, NULL)
#4 {main}

[8] Unknown: &quot;_useSsl&quot; is returned from __sleep multiple times (Unknown) [0]
Error Code: af68a4
Stack trace:
#1 {main}

#0 /home/parentalguidance/public_html/application/libraries/Zend/Log/Writer/Abstract.php(88): Zend_Log_Writer_Stream->_write(Array)
#1 /home/parentalguidance/public_html/application/libraries/Zend/Log.php(464): Zend_Log_Writer_Abstract->write(Array)
#2 /home/parentalguidance/public_html/application/libraries/Engine/Api.php(689): Zend_Log->log('[8] Unknown: &q...', 5)
#3 [internal function]: Engine_Api::handleError(8, 'Unknown: &quot;...', 'Unknown', 0, NULL)
#4 {main}

[8] Unknown: &quot;_useSsl&quot; is returned from __sleep multiple times (Unknown) [0]
Error Code: 759325
Stack trace:
#1 {main}

#0 /home/parentalguidance/public_html/application/libraries/Zend/Log/Writer/Abstract.php(88): Zend_Log_Writer_Stream->_write(Array)
#1 /home/parentalguidance/public_html/application/libraries/Zend/Log.php(464): Zend_Log_Writer_Abstract->write(Array)
#2 /home/parentalguidance/public_html/application/libraries/Engine/Api.php(689): Zend_Log->log('[8] Unknown: &q...', 5)
#3 [internal function]: Engine_Api::handleError(8, 'Unknown: &quot;...', 'Unknown', 0, NULL)
#4 {main}

[8] Unknown: &quot;_useSsl&quot; is returned from __sleep multiple times (Unknown) [0]
Error Code: db0400
Stack trace:
#1 {main}

#0 /home/parentalguidance/public_html/application/libraries/Zend/Log/Writer/Abstract.php(88): Zend_Log_Writer_Stream->_write(Array)
#1 /home/parentalguidance/public_html/application/libraries/Zend/Log.php(464): Zend_Log_Writer_Abstract->write(Array)
#2 /home/parentalguidance/public_html/application/libraries/Engine/Api.php(689): Zend_Log->log('[8] Unknown: &q...', 5)
#3 [internal function]: Engine_Api::handleError(8, 'Unknown: &quot;...', 'Unknown', 0, NULL)
#4 {main}

[8] Unknown: &quot;_useSsl&quot; is returned from __sleep multiple times (Unknown) [0]
Error Code: b8f345
Stack trace:
#1 {main}

#0 /home/parentalguidance/public_html/application/libraries/Zend/Log/Writer/Abstract.php(88): Zend_Log_Writer_Stream->_write(Array)
#1 /home/parentalguidance/public_html/application/libraries/Zend/Log.php(464): Zend_Log_Writer_Abstract->write(Array)
#2 /home/parentalguidance/public_html/application/libraries/Engine/Api.php(689): Zend_Log->log('[8] Unknown: &q...', 5)
#3 [internal function]: Engine_Api::handleError(8, 'Unknown: &quot;...', 'Unknown', 0, NULL)
#4 {main}

[8] Unknown: &quot;_useSsl&quot; is returned from __sleep multiple times (Unknown) [0]
Error Code: 62516a
Stack trace:
#1 {main}

#0 /home/parentalguidance/public_html/application/libraries/Zend/Log/Writer/Abstract.php(88): Zend_Log_Writer_Stream->_write(Array)
#1 /home/parentalguidance/public_html/application/libraries/Zend/Log.php(464): Zend_Log_Writer_Abstract->write(Array)
#2 /home/parentalguidance/public_html/application/libraries/Engine/Api.php(689): Zend_Log->log('[8] Unknown: &q...', 5)
#3 [internal function]: Engine_Api::handleError(8, 'Unknown: &quot;...', 'Unknown', 0, NULL)
#4 {main}

[8] Unknown: &quot;_useSsl&quot; is returned from __sleep multiple times (Unknown) [0]
Error Code: ab3387
Stack trace:
#1 {main}

#0 /home/parentalguidance/public_html/application/libraries/Zend/Log/Writer/Abstract.php(88): Zend_Log_Writer_Stream->_write(Array)
#1 /home/parentalguidance/public_html/application/libraries/Zend/Log.php(464): Zend_Log_Writer_Abstract->write(Array)
#2 /home/parentalguidance/public_html/application/libraries/Engine/Api.php(689): Zend_Log->log('[8] Unknown: &q...', 5)
#3 [internal function]: Engine_Api::handleError(8, 'Unknown: &quot;...', 'Unknown', 0, NULL)
#4 {main}

[8] Unknown: &quot;_useSsl&quot; is returned from __sleep multiple times (Unknown) [0]
Error Code: 8353c0
Stack trace:
#1 {main}

#0 /home/parentalguidance/public_html/application/libraries/Zend/Log/Writer/Abstract.php(88): Zend_Log_Writer_Stream->_write(Array)
#1 /home/parentalguidance/public_html/application/libraries/Zend/Log.php(464): Zend_Log_Writer_Abstract->write(Array)
#2 /home/parentalguidance/public_html/application/libraries/Engine/Api.php(689): Zend_Log->log('[8] Unknown: &q...', 5)
#3 [internal function]: Engine_Api::handleError(8, 'Unknown: &quot;...', 'Unknown', 0, NULL)
#4 {main}

[8] Unknown: &quot;_useSsl&quot; is returned from __sleep multiple times (Unknown) [0]
Error Code: af66e0
Stack trace:
#1 {main}

#0 /home/parentalguidance/public_html/application/libraries/Zend/Log/Writer/Abstract.php(88): Zend_Log_Writer_Stream->_write(Array)
#1 /home/parentalguidance/public_html/application/libraries/Zend/Log.php(464): Zend_Log_Writer_Abstract->write(Array)
#2 /home/parentalguidance/public_html/application/libraries/Engine/Api.php(689): Zend_Log->log('[8] Unknown: &q...', 5)
#3 [internal function]: Engine_Api::handleError(8, 'Unknown: &quot;...', 'Unknown', 0, NULL)
#4 {main}

[8] Unknown: &quot;_useSsl&quot; is returned from __sleep multiple times (Unknown) [0]
Error Code: f55d45
Stack trace:
#1 {main}

#0 /home/parentalguidance/public_html/application/libraries/Zend/Log/Writer/Abstract.php(88): Zend_Log_Writer_Stream->_write(Array)
#1 /home/parentalguidance/public_html/application/libraries/Zend/Log.php(464): Zend_Log_Writer_Abstract->write(Array)
#2 /home/parentalguidance/public_html/application/libraries/Engine/Api.php(689): Zend_Log->log('[8] Unknown: &q...', 5)
#3 [internal function]: Engine_Api::handleError(8, 'Unknown: &quot;...', 'Unknown', 0, NULL)
#4 {main}

[8] Unknown: &quot;_useSsl&quot; is returned from __sleep multiple times (Unknown) [0]
Error Code: 0bdec0
Stack trace:
#1 {main}

#0 /home/parentalguidance/public_html/application/libraries/Zend/Log/Writer/Abstract.php(88): Zend_Log_Writer_Stream->_write(Array)
#1 /home/parentalguidance/public_html/application/libraries/Zend/Log.php(464): Zend_Log_Writer_Abstract->write(Array)
#2 /home/parentalguidance/public_html/application/libraries/Engine/Api.php(689): Zend_Log->log('[8] Unknown: &q...', 5)
#3 [internal function]: Engine_Api::handleError(8, 'Unknown: &quot;...', 'Unknown', 0, NULL)
#4 {main}

[8] Unknown: &quot;_useSsl&quot; is returned from __sleep multiple times (Unknown) [0]
Error Code: 589c8e
Stack trace:
#1 {main}

#0 /home/parentalguidance/public_html/application/libraries/Zend/Log/Writer/Abstract.php(88): Zend_Log_Writer_Stream->_write(Array)
#1 /home/parentalguidance/public_html/application/libraries/Zend/Log.php(464): Zend_Log_Writer_Abstract->write(Array)
#2 /home/parentalguidance/public_html/application/libraries/Engine/Api.php(689): Zend_Log->log('[8] Unknown: &q...', 5)
#3 [internal function]: Engine_Api::handleError(8, 'Unknown: &quot;...', 'Unknown', 0, NULL)
#4 {main}

[8] Unknown: &quot;_useSsl&quot; is returned from __sleep multiple times (Unknown) [0]
Error Code: 564f9a
Stack trace:
#1 {main}

#0 /home/parentalguidance/public_html/application/libraries/Zend/Log/Writer/Abstract.php(88): Zend_Log_Writer_Stream->_write(Array)
#1 /home/parentalguidance/public_html/application/libraries/Zend/Log.php(464): Zend_Log_Writer_Abstract->write(Array)
#2 /home/parentalguidance/public_html/application/libraries/Engine/Api.php(689): Zend_Log->log('[8] Unknown: &q...', 5)
#3 [internal function]: Engine_Api::handleError(8, 'Unknown: &quot;...', 'Unknown', 0, NULL)
#4 {main}

[8] Unknown: &quot;_useSsl&quot; is returned from __sleep multiple times (Unknown) [0]
Error Code: 569a3f
Stack trace:
#1 {main}

#0 /home/parentalguidance/public_html/application/libraries/Zend/Log/Writer/Abstract.php(88): Zend_Log_Writer_Stream->_write(Array)
#1 /home/parentalguidance/public_html/application/libraries/Zend/Log.php(464): Zend_Log_Writer_Abstract->write(Array)
#2 /home/parentalguidance/public_html/application/libraries/Engine/Api.php(689): Zend_Log->log('[8] Unknown: &q...', 5)
#3 [internal function]: Engine_Api::handleError(8, 'Unknown: &quot;...', 'Unknown', 0, NULL)
#4 {main}

[8] Unknown: &quot;_useSsl&quot; is returned from __sleep multiple times (Unknown) [0]
Error Code: 48cbce
Stack trace:
#1 {main}

#0 /home/parentalguidance/public_html/application/libraries/Zend/Log/Writer/Abstract.php(88): Zend_Log_Writer_Stream->_write(Array)
#1 /home/parentalguidance/public_html/application/libraries/Zend/Log.php(464): Zend_Log_Writer_Abstract->write(Array)
#2 /home/parentalguidance/public_html/application/libraries/Engine/Api.php(689): Zend_Log->log('[8] Unknown: &q...', 5)
#3 [internal function]: Engine_Api::handleError(8, 'Unknown: &quot;...', 'Unknown', 0, NULL)
#4 {main}

[8] Unknown: &quot;_useSsl&quot; is returned from __sleep multiple times (Unknown) [0]
Error Code: e45bff
Stack trace:
#1 {main}

#0 /home/parentalguidance/public_html/application/libraries/Zend/Log/Writer/Abstract.php(88): Zend_Log_Writer_Stream->_write(Array)
#1 /home/parentalguidance/public_html/application/libraries/Zend/Log.php(464): Zend_Log_Writer_Abstract->write(Array)
#2 /home/parentalguidance/public_html/application/libraries/Engine/Api.php(689): Zend_Log->log('[8] Unknown: &q...', 5)
#3 [internal function]: Engine_Api::handleError(8, 'Unknown: &quot;...', 'Unknown', 0, NULL)
#4 {main}

[8] Unknown: &quot;_useSsl&quot; is returned from __sleep multiple times (Unknown) [0]
Error Code: cb3431
Stack trace:
#1 {main}

#0 /var/www/html/guidanceguide/application/libraries/Zend/Log/Writer/Abstract.php(88): Zend_Log_Writer_Stream->_write(Array)
#1 /var/www/html/guidanceguide/application/libraries/Zend/Log.php(464): Zend_Log_Writer_Abstract->write(Array)
#2 /var/www/html/guidanceguide/application/libraries/Engine/Api.php(689): Zend_Log->log('[8] Unknown: &q...', 5)
#3 [internal function]: Engine_Api::handleError(8, 'Unknown: &quot;...', 'Unknown', 0, NULL)
#4 {main}

[8] Unknown: &quot;_useSsl&quot; is returned from __sleep multiple times (Unknown) [0]
Error Code: ac3749
Stack trace:
#1 {main}

#0 /var/www/html/guidanceguide/application/libraries/Zend/Log/Writer/Abstract.php(88): Zend_Log_Writer_Stream->_write(Array)
#1 /var/www/html/guidanceguide/application/libraries/Zend/Log.php(464): Zend_Log_Writer_Abstract->write(Array)
#2 /var/www/html/guidanceguide/application/libraries/Engine/Api.php(689): Zend_Log->log('[8] Unknown: &q...', 5)
#3 [internal function]: Engine_Api::handleError(8, 'Unknown: &quot;...', 'Unknown', 0, NULL)
#4 {main}

[8] Unknown: &quot;_useSsl&quot; is returned from __sleep multiple times (Unknown) [0]
Error Code: 650acd
Stack trace:
#1 {main}

#0 /var/www/html/guidanceguide/application/libraries/Zend/Log/Writer/Abstract.php(88): Zend_Log_Writer_Stream->_write(Array)
#1 /var/www/html/guidanceguide/application/libraries/Zend/Log.php(464): Zend_Log_Writer_Abstract->write(Array)
#2 /var/www/html/guidanceguide/application/libraries/Engine/Api.php(689): Zend_Log->log('[8] Unknown: &q...', 5)
#3 [internal function]: Engine_Api::handleError(8, 'Unknown: &quot;...', 'Unknown', 0, NULL)
#4 {main}

[8] Unknown: &quot;_useSsl&quot; is returned from __sleep multiple times (Unknown) [0]
Error Code: 8a6a21
Stack trace:
#1 {main}

#0 /var/www/html/guidanceguide/application/libraries/Zend/Log/Writer/Abstract.php(88): Zend_Log_Writer_Stream->_write(Array)
#1 /var/www/html/guidanceguide/application/libraries/Zend/Log.php(464): Zend_Log_Writer_Abstract->write(Array)
#2 /var/www/html/guidanceguide/application/libraries/Engine/Api.php(689): Zend_Log->log('[8] Unknown: &q...', 5)
#3 [internal function]: Engine_Api::handleError(8, 'Unknown: &quot;...', 'Unknown', 0, NULL)
#4 {main}

[8] Unknown: &quot;_useSsl&quot; is returned from __sleep multiple times (Unknown) [0]
Error Code: 8b25d4
Stack trace:
#1 {main}

#0 /var/www/html/guidanceguide/application/libraries/Zend/Log/Writer/Abstract.php(88): Zend_Log_Writer_Stream->_write(Array)
#1 /var/www/html/guidanceguide/application/libraries/Zend/Log.php(464): Zend_Log_Writer_Abstract->write(Array)
#2 /var/www/html/guidanceguide/application/libraries/Engine/Api.php(689): Zend_Log->log('[8] Unknown: &q...', 5)
#3 [internal function]: Engine_Api::handleError(8, 'Unknown: &quot;...', 'Unknown', 0, NULL)
#4 {main}

[8] Unknown: &quot;_useSsl&quot; is returned from __sleep multiple times (Unknown) [0]
Error Code: dd1f3d
Stack trace:
#1 {main}

#0 /var/www/html/guidanceguide/application/libraries/Zend/Log/Writer/Abstract.php(88): Zend_Log_Writer_Stream->_write(Array)
#1 /var/www/html/guidanceguide/application/libraries/Zend/Log.php(464): Zend_Log_Writer_Abstract->write(Array)
#2 /var/www/html/guidanceguide/application/libraries/Engine/Api.php(689): Zend_Log->log('[8] Unknown: &q...', 5)
#3 [internal function]: Engine_Api::handleError(8, 'Unknown: &quot;...', 'Unknown', 0, NULL)
#4 {main}

[8] Unknown: &quot;_useSsl&quot; is returned from __sleep multiple times (Unknown) [0]
Error Code: 94f916
Stack trace:
#1 {main}

#0 /var/www/html/guidanceguide/application/libraries/Zend/Log/Writer/Abstract.php(88): Zend_Log_Writer_Stream->_write(Array)
#1 /var/www/html/guidanceguide/application/libraries/Zend/Log.php(464): Zend_Log_Writer_Abstract->write(Array)
#2 /var/www/html/guidanceguide/application/libraries/Engine/Api.php(689): Zend_Log->log('[8] Unknown: &q...', 5)
#3 [internal function]: Engine_Api::handleError(8, 'Unknown: &quot;...', 'Unknown', 0, NULL)
#4 {main}

[8] Unknown: &quot;_useSsl&quot; is returned from __sleep multiple times (Unknown) [0]
Error Code: 2e523c
Stack trace:
#1 {main}

#0 /var/www/html/guidanceguide/application/libraries/Zend/Log/Writer/Abstract.php(88): Zend_Log_Writer_Stream->_write(Array)
#1 /var/www/html/guidanceguide/application/libraries/Zend/Log.php(464): Zend_Log_Writer_Abstract->write(Array)
#2 /var/www/html/guidanceguide/application/libraries/Engine/Api.php(689): Zend_Log->log('[8] Unknown: &q...', 5)
#3 [internal function]: Engine_Api::handleError(8, 'Unknown: &quot;...', 'Unknown', 0, NULL)
#4 {main}

[8] Unknown: &quot;_useSsl&quot; is returned from __sleep multiple times (Unknown) [0]
Error Code: e4e575
Stack trace:
#1 {main}

#0 /var/www/html/guidanceguide/application/libraries/Zend/Log/Writer/Abstract.php(88): Zend_Log_Writer_Stream->_write(Array)
#1 /var/www/html/guidanceguide/application/libraries/Zend/Log.php(464): Zend_Log_Writer_Abstract->write(Array)
#2 /var/www/html/guidanceguide/application/libraries/Engine/Api.php(689): Zend_Log->log('[8] Unknown: &q...', 5)
#3 [internal function]: Engine_Api::handleError(8, 'Unknown: &quot;...', 'Unknown', 0, NULL)
#4 {main}

[8] Unknown: &quot;_useSsl&quot; is returned from __sleep multiple times (Unknown) [0]
Error Code: 26a487
Stack trace:
#1 {main}

#0 /var/www/html/guidanceguide/application/libraries/Zend/Log/Writer/Abstract.php(88): Zend_Log_Writer_Stream->_write(Array)
#1 /var/www/html/guidanceguide/application/libraries/Zend/Log.php(464): Zend_Log_Writer_Abstract->write(Array)
#2 /var/www/html/guidanceguide/application/libraries/Engine/Api.php(689): Zend_Log->log('[8] Unknown: &q...', 5)
#3 [internal function]: Engine_Api::handleError(8, 'Unknown: &quot;...', 'Unknown', 0, NULL)
#4 {main}

[8] Unknown: &quot;_useSsl&quot; is returned from __sleep multiple times (Unknown) [0]
Error Code: fd89fa
Stack trace:
#1 {main}

#0 /var/www/html/guidanceguide/application/libraries/Zend/Log/Writer/Abstract.php(88): Zend_Log_Writer_Stream->_write(Array)
#1 /var/www/html/guidanceguide/application/libraries/Zend/Log.php(464): Zend_Log_Writer_Abstract->write(Array)
#2 /var/www/html/guidanceguide/application/libraries/Engine/Api.php(689): Zend_Log->log('[8] Unknown: &q...', 5)
#3 [internal function]: Engine_Api::handleError(8, 'Unknown: &quot;...', 'Unknown', 0, NULL)
#4 {main}

[8] Unknown: &quot;_useSsl&quot; is returned from __sleep multiple times (Unknown) [0]
Error Code: fb0c25
Stack trace:
#1 {main}

#0 /var/www/html/guidanceguide/application/libraries/Zend/Log/Writer/Abstract.php(88): Zend_Log_Writer_Stream->_write(Array)
#1 /var/www/html/guidanceguide/application/libraries/Zend/Log.php(464): Zend_Log_Writer_Abstract->write(Array)
#2 /var/www/html/guidanceguide/application/libraries/Engine/Api.php(689): Zend_Log->log('[8] Unknown: &q...', 5)
#3 [internal function]: Engine_Api::handleError(8, 'Unknown: &quot;...', 'Unknown', 0, NULL)
#4 {main}

[8] Unknown: &quot;_useSsl&quot; is returned from __sleep multiple times (Unknown) [0]
Error Code: 1d45f2
Stack trace:
#1 {main}

#0 /var/www/html/guidanceguide/application/libraries/Zend/Log/Writer/Abstract.php(88): Zend_Log_Writer_Stream->_write(Array)
#1 /var/www/html/guidanceguide/application/libraries/Zend/Log.php(464): Zend_Log_Writer_Abstract->write(Array)
#2 /var/www/html/guidanceguide/application/libraries/Engine/Api.php(689): Zend_Log->log('[8] Unknown: &q...', 5)
#3 [internal function]: Engine_Api::handleError(8, 'Unknown: &quot;...', 'Unknown', 0, NULL)
#4 {main}

[8] Unknown: &quot;_useSsl&quot; is returned from __sleep multiple times (Unknown) [0]
Error Code: 84a4e3
Stack trace:
#1 {main}

#0 /var/www/html/guidanceguide/application/libraries/Zend/Log/Writer/Abstract.php(88): Zend_Log_Writer_Stream->_write(Array)
#1 /var/www/html/guidanceguide/application/libraries/Zend/Log.php(464): Zend_Log_Writer_Abstract->write(Array)
#2 /var/www/html/guidanceguide/application/libraries/Engine/Api.php(689): Zend_Log->log('[8] Unknown: &q...', 5)
#3 [internal function]: Engine_Api::handleError(8, 'Unknown: &quot;...', 'Unknown', 0, NULL)
#4 {main}

[8] Unknown: &quot;_useSsl&quot; is returned from __sleep multiple times (Unknown) [0]
Error Code: 847a4e
Stack trace:
#1 {main}

#0 /var/www/html/guidanceguide/application/libraries/Zend/Log/Writer/Abstract.php(88): Zend_Log_Writer_Stream->_write(Array)
#1 /var/www/html/guidanceguide/application/libraries/Zend/Log.php(464): Zend_Log_Writer_Abstract->write(Array)
#2 /var/www/html/guidanceguide/application/libraries/Engine/Api.php(689): Zend_Log->log('[8] Unknown: &q...', 5)
#3 [internal function]: Engine_Api::handleError(8, 'Unknown: &quot;...', 'Unknown', 0, NULL)
#4 {main}

[8] Unknown: &quot;_useSsl&quot; is returned from __sleep multiple times (Unknown) [0]
Error Code: 6c26ea
Stack trace:
#1 {main}

#0 /var/www/html/guidanceguide/application/libraries/Zend/Log/Writer/Abstract.php(88): Zend_Log_Writer_Stream->_write(Array)
#1 /var/www/html/guidanceguide/application/libraries/Zend/Log.php(464): Zend_Log_Writer_Abstract->write(Array)
#2 /var/www/html/guidanceguide/application/libraries/Engine/Api.php(689): Zend_Log->log('[8] Unknown: &q...', 5)
#3 [internal function]: Engine_Api::handleError(8, 'Unknown: &quot;...', 'Unknown', 0, NULL)
#4 {main}

[8] Unknown: &quot;_useSsl&quot; is returned from __sleep multiple times (Unknown) [0]
Error Code: f71319
Stack trace:
#1 {main}

#0 /var/www/html/guidanceguide/application/libraries/Zend/Log/Writer/Abstract.php(88): Zend_Log_Writer_Stream->_write(Array)
#1 /var/www/html/guidanceguide/application/libraries/Zend/Log.php(464): Zend_Log_Writer_Abstract->write(Array)
#2 /var/www/html/guidanceguide/application/libraries/Engine/Api.php(689): Zend_Log->log('[8] Unknown: &q...', 5)
#3 [internal function]: Engine_Api::handleError(8, 'Unknown: &quot;...', 'Unknown', 0, NULL)
#4 {main}

[8] Unknown: &quot;_useSsl&quot; is returned from __sleep multiple times (Unknown) [0]
Error Code: e83591
Stack trace:
#1 {main}

#0 /var/www/html/guidanceguide/application/libraries/Zend/Log/Writer/Abstract.php(88): Zend_Log_Writer_Stream->_write(Array)
#1 /var/www/html/guidanceguide/application/libraries/Zend/Log.php(464): Zend_Log_Writer_Abstract->write(Array)
#2 /var/www/html/guidanceguide/application/libraries/Engine/Api.php(689): Zend_Log->log('[8] Unknown: &q...', 5)
#3 [internal function]: Engine_Api::handleError(8, 'Unknown: &quot;...', 'Unknown', 0, NULL)
#4 {main}

[8] Unknown: &quot;_useSsl&quot; is returned from __sleep multiple times (Unknown) [0]
Error Code: 44482b
Stack trace:
#1 {main}

#0 /var/www/html/guidanceguide/application/libraries/Zend/Log/Writer/Abstract.php(88): Zend_Log_Writer_Stream->_write(Array)
#1 /var/www/html/guidanceguide/application/libraries/Zend/Log.php(464): Zend_Log_Writer_Abstract->write(Array)
#2 /var/www/html/guidanceguide/application/libraries/Engine/Api.php(689): Zend_Log->log('[8] Unknown: &q...', 5)
#3 [internal function]: Engine_Api::handleError(8, 'Unknown: &quot;...', 'Unknown', 0, NULL)
#4 {main}

[8] Unknown: &quot;_useSsl&quot; is returned from __sleep multiple times (Unknown) [0]
Error Code: 905c6a
Stack trace:
#1 {main}

#0 /var/www/html/guidanceguide/application/libraries/Zend/Log/Writer/Abstract.php(88): Zend_Log_Writer_Stream->_write(Array)
#1 /var/www/html/guidanceguide/application/libraries/Zend/Log.php(464): Zend_Log_Writer_Abstract->write(Array)
#2 /var/www/html/guidanceguide/application/libraries/Engine/Api.php(689): Zend_Log->log('[8] Unknown: &q...', 5)
#3 [internal function]: Engine_Api::handleError(8, 'Unknown: &quot;...', 'Unknown', 0, NULL)
#4 {main}

[8] Unknown: &quot;_useSsl&quot; is returned from __sleep multiple times (Unknown) [0]
Error Code: 001d26
Stack trace:
#1 {main}

#0 /var/www/html/guidanceguide/application/libraries/Zend/Log/Writer/Abstract.php(88): Zend_Log_Writer_Stream->_write(Array)
#1 /var/www/html/guidanceguide/application/libraries/Zend/Log.php(464): Zend_Log_Writer_Abstract->write(Array)
#2 /var/www/html/guidanceguide/application/libraries/Engine/Api.php(689): Zend_Log->log('[8] Unknown: &q...', 5)
#3 [internal function]: Engine_Api::handleError(8, 'Unknown: &quot;...', 'Unknown', 0, NULL)
#4 {main}

[8] Unknown: &quot;_useSsl&quot; is returned from __sleep multiple times (Unknown) [0]
Error Code: ff6e3e
Stack trace:
#1 {main}

#0 /var/www/html/guidanceguide/application/libraries/Zend/Log/Writer/Abstract.php(88): Zend_Log_Writer_Stream->_write(Array)
#1 /var/www/html/guidanceguide/application/libraries/Zend/Log.php(464): Zend_Log_Writer_Abstract->write(Array)
#2 /var/www/html/guidanceguide/application/libraries/Engine/Api.php(689): Zend_Log->log('[8] Unknown: &q...', 5)
#3 [internal function]: Engine_Api::handleError(8, 'Unknown: &quot;...', 'Unknown', 0, NULL)
#4 {main}

[8] Unknown: &quot;_useSsl&quot; is returned from __sleep multiple times (Unknown) [0]
Error Code: c9503f
Stack trace:
#1 {main}

#0 /var/www/html/guidanceguide/application/libraries/Zend/Log/Writer/Abstract.php(88): Zend_Log_Writer_Stream->_write(Array)
#1 /var/www/html/guidanceguide/application/libraries/Zend/Log.php(464): Zend_Log_Writer_Abstract->write(Array)
#2 /var/www/html/guidanceguide/application/libraries/Engine/Api.php(689): Zend_Log->log('[8] Unknown: &q...', 5)
#3 [internal function]: Engine_Api::handleError(8, 'Unknown: &quot;...', 'Unknown', 0, NULL)
#4 {main}

[8] Unknown: &quot;_useSsl&quot; is returned from __sleep multiple times (Unknown) [0]
Error Code: 851296
Stack trace:
#1 {main}

#0 /var/www/html/guidanceguide/application/libraries/Zend/Log/Writer/Abstract.php(88): Zend_Log_Writer_Stream->_write(Array)
#1 /var/www/html/guidanceguide/application/libraries/Zend/Log.php(464): Zend_Log_Writer_Abstract->write(Array)
#2 /var/www/html/guidanceguide/application/libraries/Engine/Api.php(689): Zend_Log->log('[8] Unknown: &q...', 5)
#3 [internal function]: Engine_Api::handleError(8, 'Unknown: &quot;...', 'Unknown', 0, NULL)
#4 {main}

[8] Unknown: &quot;_useSsl&quot; is returned from __sleep multiple times (Unknown) [0]
Error Code: 3cd0ea
Stack trace:
#1 {main}

#0 /var/www/html/guidanceguide/application/libraries/Zend/Log/Writer/Abstract.php(88): Zend_Log_Writer_Stream->_write(Array)
#1 /var/www/html/guidanceguide/application/libraries/Zend/Log.php(464): Zend_Log_Writer_Abstract->write(Array)
#2 /var/www/html/guidanceguide/application/libraries/Engine/Api.php(689): Zend_Log->log('[8] Unknown: &q...', 5)
#3 [internal function]: Engine_Api::handleError(8, 'Unknown: &quot;...', 'Unknown', 0, NULL)
#4 {main}

[8] Unknown: &quot;_useSsl&quot; is returned from __sleep multiple times (Unknown) [0]
Error Code: 4b07dd
Stack trace:
#1 {main}

#0 /var/www/html/guidanceguide/application/libraries/Zend/Log/Writer/Abstract.php(88): Zend_Log_Writer_Stream->_write(Array)
#1 /var/www/html/guidanceguide/application/libraries/Zend/Log.php(464): Zend_Log_Writer_Abstract->write(Array)
#2 /var/www/html/guidanceguide/application/libraries/Engine/Api.php(689): Zend_Log->log('[8] Unknown: &q...', 5)
#3 [internal function]: Engine_Api::handleError(8, 'Unknown: &quot;...', 'Unknown', 0, NULL)
#4 {main}

[8] Unknown: &quot;_useSsl&quot; is returned from __sleep multiple times (Unknown) [0]
Error Code: d50164
Stack trace:
#1 {main}

#0 /var/www/html/guidanceguide/application/libraries/Zend/Log/Writer/Abstract.php(88): Zend_Log_Writer_Stream->_write(Array)
#1 /var/www/html/guidanceguide/application/libraries/Zend/Log.php(464): Zend_Log_Writer_Abstract->write(Array)
#2 /var/www/html/guidanceguide/application/libraries/Engine/Api.php(689): Zend_Log->log('[8] Unknown: &q...', 5)
#3 [internal function]: Engine_Api::handleError(8, 'Unknown: &quot;...', 'Unknown', 0, NULL)
#4 {main}

[8] Unknown: &quot;_useSsl&quot; is returned from __sleep multiple times (Unknown) [0]
Error Code: 3d5042
Stack trace:
#1 {main}

#0 /var/www/html/guidanceguide/application/libraries/Zend/Log/Writer/Abstract.php(88): Zend_Log_Writer_Stream->_write(Array)
#1 /var/www/html/guidanceguide/application/libraries/Zend/Log.php(464): Zend_Log_Writer_Abstract->write(Array)
#2 /var/www/html/guidanceguide/application/libraries/Engine/Api.php(689): Zend_Log->log('[8] Unknown: &q...', 5)
#3 [internal function]: Engine_Api::handleError(8, 'Unknown: &quot;...', 'Unknown', 0, NULL)
#4 {main}

[8] Unknown: &quot;_useSsl&quot; is returned from __sleep multiple times (Unknown) [0]
Error Code: 58a7fb
Stack trace:
#1 {main}

#0 /var/www/html/guidanceguide/application/libraries/Zend/Log/Writer/Abstract.php(88): Zend_Log_Writer_Stream->_write(Array)
#1 /var/www/html/guidanceguide/application/libraries/Zend/Log.php(464): Zend_Log_Writer_Abstract->write(Array)
#2 /var/www/html/guidanceguide/application/libraries/Engine/Api.php(689): Zend_Log->log('[8] Unknown: &q...', 5)
#3 [internal function]: Engine_Api::handleError(8, 'Unknown: &quot;...', 'Unknown', 0, NULL)
#4 {main}

[8] Unknown: &quot;_useSsl&quot; is returned from __sleep multiple times (Unknown) [0]
Error Code: 602f9c
Stack trace:
#1 {main}

#0 /var/www/html/guidanceguide/application/libraries/Zend/Log/Writer/Abstract.php(88): Zend_Log_Writer_Stream->_write(Array)
#1 /var/www/html/guidanceguide/application/libraries/Zend/Log.php(464): Zend_Log_Writer_Abstract->write(Array)
#2 /var/www/html/guidanceguide/application/libraries/Engine/Api.php(689): Zend_Log->log('[8] Unknown: &q...', 5)
#3 [internal function]: Engine_Api::handleError(8, 'Unknown: &quot;...', 'Unknown', 0, NULL)
#4 {main}

[8] Unknown: &quot;_useSsl&quot; is returned from __sleep multiple times (Unknown) [0]
Error Code: fc97bf
Stack trace:
#1 {main}

#0 /var/www/html/guidanceguide/application/libraries/Zend/Log/Writer/Abstract.php(88): Zend_Log_Writer_Stream->_write(Array)
#1 /var/www/html/guidanceguide/application/libraries/Zend/Log.php(464): Zend_Log_Writer_Abstract->write(Array)
#2 /var/www/html/guidanceguide/application/libraries/Engine/Api.php(689): Zend_Log->log('[8] Unknown: &q...', 5)
#3 [internal function]: Engine_Api::handleError(8, 'Unknown: &quot;...', 'Unknown', 0, NULL)
#4 {main}

[8] Unknown: &quot;_useSsl&quot; is returned from __sleep multiple times (Unknown) [0]
Error Code: 7345a6
Stack trace:
#1 {main}

#0 /var/www/html/guidanceguide/application/libraries/Zend/Log/Writer/Abstract.php(88): Zend_Log_Writer_Stream->_write(Array)
#1 /var/www/html/guidanceguide/application/libraries/Zend/Log.php(464): Zend_Log_Writer_Abstract->write(Array)
#2 /var/www/html/guidanceguide/application/libraries/Engine/Api.php(689): Zend_Log->log('[8] Unknown: &q...', 5)
#3 [internal function]: Engine_Api::handleError(8, 'Unknown: &quot;...', 'Unknown', 0, NULL)
#4 {main}

[8] Unknown: &quot;_useSsl&quot; is returned from __sleep multiple times (Unknown) [0]
Error Code: 4fe66c
Stack trace:
#1 {main}

#0 /var/www/html/guidanceguide/application/libraries/Zend/Log/Writer/Abstract.php(88): Zend_Log_Writer_Stream->_write(Array)
#1 /var/www/html/guidanceguide/application/libraries/Zend/Log.php(464): Zend_Log_Writer_Abstract->write(Array)
#2 /var/www/html/guidanceguide/application/libraries/Engine/Api.php(689): Zend_Log->log('[8] Unknown: &q...', 5)
#3 [internal function]: Engine_Api::handleError(8, 'Unknown: &quot;...', 'Unknown', 0, NULL)
#4 {main}

[8] Unknown: &quot;_useSsl&quot; is returned from __sleep multiple times (Unknown) [0]
Error Code: e2b258
Stack trace:
#1 {main}

#0 /var/www/html/guidanceguide/application/libraries/Zend/Log/Writer/Abstract.php(88): Zend_Log_Writer_Stream->_write(Array)
#1 /var/www/html/guidanceguide/application/libraries/Zend/Log.php(464): Zend_Log_Writer_Abstract->write(Array)
#2 /var/www/html/guidanceguide/application/libraries/Engine/Api.php(689): Zend_Log->log('[8] Unknown: &q...', 5)
#3 [internal function]: Engine_Api::handleError(8, 'Unknown: &quot;...', 'Unknown', 0, NULL)
#4 {main}

[8] Unknown: &quot;_useSsl&quot; is returned from __sleep multiple times (Unknown) [0]
Error Code: ed3a81
Stack trace:
#1 {main}

#0 /var/www/html/guidanceguide/application/libraries/Zend/Log/Writer/Abstract.php(88): Zend_Log_Writer_Stream->_write(Array)
#1 /var/www/html/guidanceguide/application/libraries/Zend/Log.php(464): Zend_Log_Writer_Abstract->write(Array)
#2 /var/www/html/guidanceguide/application/libraries/Engine/Api.php(689): Zend_Log->log('[8] Unknown: &q...', 5)
#3 [internal function]: Engine_Api::handleError(8, 'Unknown: &quot;...', 'Unknown', 0, NULL)
#4 {main}

[8] Unknown: &quot;_useSsl&quot; is returned from __sleep multiple times (Unknown) [0]
Error Code: 28a0aa
Stack trace:
#1 {main}

#0 /var/www/html/guidanceguide/application/libraries/Zend/Log/Writer/Abstract.php(88): Zend_Log_Writer_Stream->_write(Array)
#1 /var/www/html/guidanceguide/application/libraries/Zend/Log.php(464): Zend_Log_Writer_Abstract->write(Array)
#2 /var/www/html/guidanceguide/application/libraries/Engine/Api.php(689): Zend_Log->log('[8] Unknown: &q...', 5)
#3 [internal function]: Engine_Api::handleError(8, 'Unknown: &quot;...', 'Unknown', 0, NULL)
#4 {main}

[8] Unknown: &quot;_useSsl&quot; is returned from __sleep multiple times (Unknown) [0]
Error Code: 8fdb54
Stack trace:
#1 {main}

#0 /var/www/html/guidanceguide/application/libraries/Zend/Log/Writer/Abstract.php(88): Zend_Log_Writer_Stream->_write(Array)
#1 /var/www/html/guidanceguide/application/libraries/Zend/Log.php(464): Zend_Log_Writer_Abstract->write(Array)
#2 /var/www/html/guidanceguide/application/libraries/Engine/Api.php(689): Zend_Log->log('[8] Unknown: &q...', 5)
#3 [internal function]: Engine_Api::handleError(8, 'Unknown: &quot;...', 'Unknown', 0, NULL)
#4 {main}

